c:\hlocal\p12\debug\vc120.pdb
c:\hlocal\p12\debug\vc120.idb
c:\hlocal\p12\debug\mainoo.obj
c:\hlocal\dsi\p12\debug\vc120.pdb
c:\hlocal\dsi\p12\debug\vc120.idb
c:\hlocal\dsi\p12\debug\mainoo.obj
c:\hlocal\p12\debug\p12.ilk
c:\hlocal\p12\debug\p12.exe
c:\hlocal\p12\debug\p12.pdb
c:\hlocal\dsi\win32project2\debug\p12.ilk
c:\hlocal\dsi\win32project2\debug\p12.exe
c:\hlocal\dsi\win32project2\debug\p12.pdb
c:\hlocal\dsi\p12\debug\p12.ilk
c:\hlocal\dsi\p12\debug\p12.pdb
c:\hlocal\dsi\p12\debug\p12.tlog\cl.command.1.tlog
c:\hlocal\dsi\p12\debug\p12.tlog\cl.read.1.tlog
c:\hlocal\dsi\p12\debug\p12.tlog\cl.write.1.tlog
c:\hlocal\dsi\p12\debug\p12.tlog\link.command.1.tlog
c:\hlocal\dsi\p12\debug\p12.tlog\link.read.1.tlog
c:\hlocal\dsi\p12\debug\p12.tlog\link.write.1.tlog
