c:\users\usuario_local\hlocal\directxsamples\rumblecontroller\debug\vc120.pdb
c:\users\usuario_local\hlocal\directxsamples\rumblecontroller\debug\vc120.idb
c:\users\usuario_local\hlocal\directxsamples\rumblecontroller\debug\rumblecontroller.obj
c:\hlocal\dsi\rumblecontroller\debug\vc120.pdb
c:\hlocal\dsi\rumblecontroller\debug\vc120.idb
c:\hlocal\dsi\rumblecontroller\debug\rumblecontroller.obj
c:\hlocal\dsi\rumblecontroller\debug\hidbox.obj
c:\users\usuario_local\hlocal\directxsamples\rumblecontroller\debug\rumblecontroller.ilk
c:\users\usuario_local\hlocal\directxsamples\rumblecontroller\debug\rumblecontroller.exe
c:\users\usuario_local\hlocal\directxsamples\rumblecontroller\debug\rumblecontroller.pdb
c:\hlocal\dsi\rumblecontroller\debug\rumblecontroller.ilk
c:\hlocal\dsi\rumblecontroller\debug\rumblecontroller.exe
c:\hlocal\dsi\rumblecontroller\debug\rumblecontroller.pdb
c:\users\usuario_local\hlocal\directxsamples\rumblecontroller\debug\rumblecontroller.res
c:\hlocal\dsi\rumblecontroller\debug\rumblecontroller.res
c:\hlocal\dsi\rumblecontroller\debug\rumblecontroller.tlog\cl.command.1.tlog
c:\hlocal\dsi\rumblecontroller\debug\rumblecontroller.tlog\cl.read.1.tlog
c:\hlocal\dsi\rumblecontroller\debug\rumblecontroller.tlog\cl.write.1.tlog
c:\hlocal\dsi\rumblecontroller\debug\rumblecontroller.tlog\link.1980.read.1.tlog
c:\hlocal\dsi\rumblecontroller\debug\rumblecontroller.tlog\link.1980.write.1.tlog
c:\hlocal\dsi\rumblecontroller\debug\rumblecontroller.tlog\link.command.1.tlog
c:\hlocal\dsi\rumblecontroller\debug\rumblecontroller.tlog\link.read.1.tlog
c:\hlocal\dsi\rumblecontroller\debug\rumblecontroller.tlog\link.write.1.tlog
c:\hlocal\dsi\rumblecontroller\debug\rumblecontroller.tlog\rc.command.1.tlog
c:\hlocal\dsi\rumblecontroller\debug\rumblecontroller.tlog\rc.read.1.tlog
c:\hlocal\dsi\rumblecontroller\debug\rumblecontroller.tlog\rc.write.1.tlog
